This file contains any messages produced by compilers while
running configure, to aid debugging if configure makes a mistake.

It was created by mapgd configure 0.4.6, which was
generated by GNU Autoconf 2.69.  Invocation command line was

  $ ./configure 

## --------- ##
## Platform. ##
## --------- ##

hostname = Ne
uname -m = i686
uname -r = 3.13.0-79-generic
uname -s = Linux
uname -v = #123-Ubuntu SMP Fri Feb 19 14:28:32 UTC 2016

/usr/bin/uname -p = unknown
/bin/uname -X     = unknown

/bin/arch              = unknown
/usr/bin/arch -k       = unknown
/usr/convex/getsysinfo = unknown
/usr/bin/hostinfo      = unknown
/bin/machine           = unknown
/usr/bin/oslevel       = unknown
/bin/universe          = unknown

PATH: /home/matthew/perl5/bin
PATH: /home/matthew/bin
PATH: /usr/local/sbin
PATH: /usr/local/bin
PATH: /usr/sbin
PATH: /usr/bin
PATH: /sbin
PATH: /bin
PATH: /usr/games
PATH: /usr/local/games


## ----------- ##
## Core tests. ##
## ----------- ##

configure:1847: checking for g++
configure:1863: found /usr/bin/g++
configure:1874: result: g++
configure:1901: checking for C++ compiler version
configure:1910: g++ --version >&5
g++ (Ubuntu 4.8.4-2ubuntu1~14.04.1) 4.8.4
Copyright (C) 2013 Free Software Foundation, Inc.
This is free software; see the source for copying conditions.  There is NO
warranty; not even for MERCHANTABILITY or FITNESS FOR A PARTICULAR PURPOSE.

configure:1921: $? = 0
configure:1910: g++ -v >&5
Using built-in specs.
COLLECT_GCC=g++
COLLECT_LTO_WRAPPER=/usr/lib/gcc/i686-linux-gnu/4.8/lto-wrapper
Target: i686-linux-gnu
Configured with: ../src/configure -v --with-pkgversion='Ubuntu 4.8.4-2ubuntu1~14.04.1' --with-bugurl=file:///usr/share/doc/gcc-4.8/README.Bugs --enable-languages=c,c++,java,go,d,fortran,objc,obj-c++ --prefix=/usr --program-suffix=-4.8 --enable-shared --enable-linker-build-id --libexecdir=/usr/lib --without-included-gettext --enable-threads=posix --with-gxx-include-dir=/usr/include/c++/4.8 --libdir=/usr/lib --enable-nls --with-sysroot=/ --enable-clocale=gnu --enable-libstdcxx-debug --enable-libstdcxx-time=yes --enable-gnu-unique-object --disable-libmudflap --enable-plugin --with-system-zlib --disable-browser-plugin --enable-java-awt=gtk --enable-gtk-cairo --with-java-home=/usr/lib/jvm/java-1.5.0-gcj-4.8-i386/jre --enable-java-home --with-jvm-root-dir=/usr/lib/jvm/java-1.5.0-gcj-4.8-i386 --with-jvm-jar-dir=/usr/lib/jvm-exports/java-1.5.0-gcj-4.8-i386 --with-arch-directory=i386 --with-ecj-jar=/usr/share/java/eclipse-ecj.jar --enable-objc-gc --enable-targets=all --enable-multiarch --disable-werror --with-arch-32=i686 --with-multilib-list=m32,m64,mx32 --with-tune=generic --enable-checking=release --build=i686-linux-gnu --host=i686-linux-gnu --target=i686-linux-gnu
Thread model: posix
gcc version 4.8.4 (Ubuntu 4.8.4-2ubuntu1~14.04.1) 
configure:1921: $? = 0
configure:1910: g++ -V >&5
g++: error: unrecognized command line option '-V'
g++: fatal error: no input files
compilation terminated.
configure:1921: $? = 4
configure:1910: g++ -qversion >&5
g++: error: unrecognized command line option '-qversion'
g++: fatal error: no input files
compilation terminated.
configure:1921: $? = 4
configure:1941: checking whether the C++ compiler works
configure:1963: g++    conftest.cpp  >&5
configure:1967: $? = 0
configure:2015: result: yes
configure:2018: checking for C++ compiler default output file name
configure:2020: result: a.out
configure:2026: checking for suffix of executables
configure:2033: g++ -o conftest    conftest.cpp  >&5
configure:2037: $? = 0
configure:2059: result: 
configure:2081: checking whether we are cross compiling
configure:2089: g++ -o conftest    conftest.cpp  >&5
configure:2093: $? = 0
configure:2100: ./conftest
configure:2104: $? = 0
configure:2119: result: no
configure:2124: checking for suffix of object files
configure:2146: g++ -c   conftest.cpp >&5
configure:2150: $? = 0
configure:2171: result: o
configure:2175: checking whether we are using the GNU C++ compiler
configure:2194: g++ -c   conftest.cpp >&5
configure:2194: $? = 0
configure:2203: result: yes
configure:2212: checking whether g++ accepts -g
configure:2232: g++ -c -g  conftest.cpp >&5
configure:2232: $? = 0
configure:2273: result: yes
configure:2309: checking for sqlite3_open in -lsqlite3
configure:2334: g++ -o conftest -g -O2   conftest.cpp -lsqlite3   >&5
configure:2334: $? = 0
configure:2343: result: yes
configure:2355: checking for man
configure:2371: found /usr/bin/man
configure:2383: result: yes
configure:2392: checking for cos in -lm
configure:2417: g++ -o conftest -g -O2   conftest.cpp -lm   >&5
configure:2417: $? = 0
configure:2426: result: yes
configure:2437: checking for cblas_dgemm in -lgslcblas
configure:2462: g++ -o conftest -g -O2   conftest.cpp -lgslcblas  -lm  >&5
configure:2462: $? = 0
configure:2471: result: yes
configure:2482: checking for gsl_blas_dgemm in -lgsl
configure:2507: g++ -o conftest -g -O2   conftest.cpp -lgsl  -lgslcblas -lm  >&5
configure:2507: $? = 0
configure:2516: result: yes
configure:2536: checking for g++ option to support OpenMP
configure:2551: g++ -o conftest -g -O2   conftest.cpp -lgsl -lgslcblas -lm  >&5
conftest.cpp:14:2: error: 'choke' does not name a type
  choke me
  ^
In file included from conftest.cpp:16:0:
/usr/lib/gcc/i686-linux-gnu/4.8/include/omp.h:38:3: error: 'omp_lock_t' does not name a type
 } omp_lock_t;
   ^
/usr/lib/gcc/i686-linux-gnu/4.8/include/omp.h:81:28: error: variable or field 'omp_init_lock' declared void
 extern void omp_init_lock (omp_lock_t *) __GOMP_NOTHROW;
                            ^
/usr/lib/gcc/i686-linux-gnu/4.8/include/omp.h:81:28: error: 'omp_lock_t' was not declared in this scope
/usr/lib/gcc/i686-linux-gnu/4.8/include/omp.h:81:40: error: expected primary-expression before ')' token
 extern void omp_init_lock (omp_lock_t *) __GOMP_NOTHROW;
                                        ^
/usr/lib/gcc/i686-linux-gnu/4.8/include/omp.h:82:31: error: variable or field 'omp_destroy_lock' declared void
 extern void omp_destroy_lock (omp_lock_t *) __GOMP_NOTHROW;
                               ^
/usr/lib/gcc/i686-linux-gnu/4.8/include/omp.h:82:31: error: 'omp_lock_t' was not declared in this scope
/usr/lib/gcc/i686-linux-gnu/4.8/include/omp.h:82:43: error: expected primary-expression before ')' token
 extern void omp_destroy_lock (omp_lock_t *) __GOMP_NOTHROW;
                                           ^
/usr/lib/gcc/i686-linux-gnu/4.8/include/omp.h:83:27: error: variable or field 'omp_set_lock' declared void
 extern void omp_set_lock (omp_lock_t *) __GOMP_NOTHROW;
                           ^
/usr/lib/gcc/i686-linux-gnu/4.8/include/omp.h:83:27: error: 'omp_lock_t' was not declared in this scope
/usr/lib/gcc/i686-linux-gnu/4.8/include/omp.h:83:39: error: expected primary-expression before ')' token
 extern void omp_set_lock (omp_lock_t *) __GOMP_NOTHROW;
                                       ^
/usr/lib/gcc/i686-linux-gnu/4.8/include/omp.h:84:29: error: variable or field 'omp_unset_lock' declared void
 extern void omp_unset_lock (omp_lock_t *) __GOMP_NOTHROW;
                             ^
/usr/lib/gcc/i686-linux-gnu/4.8/include/omp.h:84:29: error: 'omp_lock_t' was not declared in this scope
/usr/lib/gcc/i686-linux-gnu/4.8/include/omp.h:84:41: error: expected primary-expression before ')' token
 extern void omp_unset_lock (omp_lock_t *) __GOMP_NOTHROW;
                                         ^
/usr/lib/gcc/i686-linux-gnu/4.8/include/omp.h:85:27: error: 'omp_lock_t' was not declared in this scope
 extern int omp_test_lock (omp_lock_t *) __GOMP_NOTHROW;
                           ^
/usr/lib/gcc/i686-linux-gnu/4.8/include/omp.h:85:39: error: expected primary-expression before ')' token
 extern int omp_test_lock (omp_lock_t *) __GOMP_NOTHROW;
                                       ^
/usr/lib/gcc/i686-linux-gnu/4.8/include/omp.h:85:41: error: expected ',' or ';' before 'throw'
 extern int omp_test_lock (omp_lock_t *) __GOMP_NOTHROW;
                                         ^
configure:2551: $? = 1
configure: failed program was:
| /* confdefs.h */
| #define PACKAGE_NAME "mapgd"
| #define PACKAGE_TARNAME "mapgd.tgz"
| #define PACKAGE_VERSION "0.4.6"
| #define PACKAGE_STRING "mapgd 0.4.6"
| #define PACKAGE_BUGREPORT "matthew.s.ackerman@gmail.com"
| #define PACKAGE_URL "https://github.com/LynchLab/MAPGD/"
| #define HAVE_LIBM 1
| #define HAVE_LIBGSLCBLAS 1
| #define HAVE_LIBGSL 1
| /* end confdefs.h.  */
| 
| #ifndef _OPENMP
|  choke me
| #endif
| #include <omp.h>
| int main () { return omp_get_num_threads (); }
| 
configure:2569: g++ -o conftest -g -O2 -fopenmp   conftest.cpp -lgsl -lgslcblas -lm  >&5
configure:2569: $? = 0
configure:2583: result: -fopenmp
configure:2765: creating ./config.status

## ---------------------- ##
## Running config.status. ##
## ---------------------- ##

This file was extended by mapgd config.status 0.4.6, which was
generated by GNU Autoconf 2.69.  Invocation command line was

  CONFIG_FILES    = 
  CONFIG_HEADERS  = 
  CONFIG_LINKS    = 
  CONFIG_COMMANDS = 
  $ ./config.status 

on Ne

config.status:725: creating Makefile

## ---------------- ##
## Cache variables. ##
## ---------------- ##

ac_cv_cxx_compiler_gnu=yes
ac_cv_env_CCC_set=
ac_cv_env_CCC_value=
ac_cv_env_CPPFLAGS_set=
ac_cv_env_CPPFLAGS_value=
ac_cv_env_CXXFLAGS_set=
ac_cv_env_CXXFLAGS_value=
ac_cv_env_CXX_set=
ac_cv_env_CXX_value=
ac_cv_env_LDFLAGS_set=
ac_cv_env_LDFLAGS_value=
ac_cv_env_LIBS_set=
ac_cv_env_LIBS_value=
ac_cv_env_build_alias_set=
ac_cv_env_build_alias_value=
ac_cv_env_host_alias_set=
ac_cv_env_host_alias_value=
ac_cv_env_target_alias_set=
ac_cv_env_target_alias_value=
ac_cv_lib_gsl_gsl_blas_dgemm=yes
ac_cv_lib_gslcblas_cblas_dgemm=yes
ac_cv_lib_m_cos=yes
ac_cv_lib_sqlite3_sqlite3_open=yes
ac_cv_objext=o
ac_cv_prog_HAVE_MAN=yes
ac_cv_prog_ac_ct_CXX=g++
ac_cv_prog_cxx_g=yes
ac_cv_prog_cxx_openmp=-fopenmp

## ----------------- ##
## Output variables. ##
## ----------------- ##

CPPFLAGS=''
CXX='g++'
CXXFLAGS='-g -O2'
DEFS='-DPACKAGE_NAME=\"mapgd\" -DPACKAGE_TARNAME=\"mapgd.tgz\" -DPACKAGE_VERSION=\"0.4.6\" -DPACKAGE_STRING=\"mapgd\ 0.4.6\" -DPACKAGE_BUGREPORT=\"matthew.s.ackerman@gmail.com\" -DPACKAGE_URL=\"https://github.com/LynchLab/MAPGD/\" -DHAVE_LIBM=1 -DHAVE_LIBGSLCBLAS=1 -DHAVE_LIBGSL=1'
ECHO_C=''
ECHO_N='-n'
ECHO_T=''
EXEEXT=''
HAVE_GSL='yes'
HAVE_MAN='yes'
HAVE_OMP='yes'
HAVE_SQL='yes'
LDFLAGS=''
LIBOBJS=''
LIBS='-lgsl -lgslcblas -lm '
LTLIBOBJS=''
OBJEXT='o'
OPENMP_CXXFLAGS='-fopenmp'
PACKAGE_BUGREPORT='matthew.s.ackerman@gmail.com'
PACKAGE_NAME='mapgd'
PACKAGE_STRING='mapgd 0.4.6'
PACKAGE_TARNAME='mapgd.tgz'
PACKAGE_URL='https://github.com/LynchLab/MAPGD/'
PACKAGE_VERSION='0.4.6'
PATH_SEPARATOR=':'
SHELL='/bin/bash'
ac_ct_CXX='g++'
bindir='${exec_prefix}/bin'
build_alias=''
datadir='${datarootdir}'
datarootdir='${prefix}/share'
docdir='${datarootdir}/doc/${PACKAGE_TARNAME}'
dvidir='${docdir}'
exec_prefix='${prefix}'
host_alias=''
htmldir='${docdir}'
includedir='${prefix}/include'
infodir='${datarootdir}/info'
libdir='${exec_prefix}/lib'
libexecdir='${exec_prefix}/libexec'
localedir='${datarootdir}/locale'
localstatedir='${prefix}/var'
mandir='${datarootdir}/man'
oldincludedir='/usr/include'
pdfdir='${docdir}'
prefix='/usr/local'
program_transform_name='s,x,x,'
psdir='${docdir}'
sbindir='${exec_prefix}/sbin'
sharedstatedir='${prefix}/com'
sysconfdir='${prefix}/etc'
target_alias=''

## ----------- ##
## confdefs.h. ##
## ----------- ##

/* confdefs.h */
#define PACKAGE_NAME "mapgd"
#define PACKAGE_TARNAME "mapgd.tgz"
#define PACKAGE_VERSION "0.4.6"
#define PACKAGE_STRING "mapgd 0.4.6"
#define PACKAGE_BUGREPORT "matthew.s.ackerman@gmail.com"
#define PACKAGE_URL "https://github.com/LynchLab/MAPGD/"
#define HAVE_LIBM 1
#define HAVE_LIBGSLCBLAS 1
#define HAVE_LIBGSL 1

configure: exit 0
